2019-06-04 12:25:24 DEBUG LoginController:133 - ===========================
2019-06-04 12:25:24 DEBUG LoginController:134 - member01:[샷샤샤]님
환영 합니다.
2019-06-04 12:25:24 DEBUG LoginController:135 - member01:jh
2019-06-04 12:25:24 DEBUG LoginController:136 - ===========================
2019-06-04 12:26:24 DEBUG LoginController:133 - ===========================
2019-06-04 12:26:24 DEBUG LoginController:134 - member01:[뫄뫄]님
환영 합니다.
2019-06-04 12:26:24 DEBUG LoginController:135 - member01:limitless01
2019-06-04 12:26:24 DEBUG LoginController:136 - ===========================
2019-06-04 12:38:55 DEBUG LoginController:133 - ===========================
2019-06-04 12:38:55 DEBUG LoginController:134 - member01:[뫄뫄]님
환영 합니다.
2019-06-04 12:38:55 DEBUG LoginController:135 - member01:limitless01
2019-06-04 12:38:55 DEBUG LoginController:136 - ===========================
2019-06-05 08:56:14 DEBUG LoginController:133 - ===========================
2019-06-05 08:56:14 DEBUG LoginController:134 - member01:[샷샤샤]님
환영 합니다.
2019-06-05 08:56:14 DEBUG LoginController:135 - member01:jh
2019-06-05 08:56:14 DEBUG LoginController:136 - ===========================
2019-06-05 09:45:45 DEBUG LoginController:135 - ===========================
2019-06-05 09:45:45 DEBUG LoginController:136 - member01:[가가멜]님
환영 합니다.
2019-06-05 09:45:45 DEBUG LoginController:137 - member01:jh1
2019-06-05 09:45:45 DEBUG LoginController:138 - ===========================
2019-06-05 09:46:00 DEBUG LoginController:133 - ===========================
2019-06-05 09:46:00 DEBUG LoginController:134 - member01:[가가멜]님
환영 합니다.
2019-06-05 09:46:00 DEBUG LoginController:135 - member01:jh1
2019-06-05 09:46:00 DEBUG LoginController:136 - ===========================
2019-06-05 09:47:10 DEBUG LoginController:135 - ===========================
2019-06-05 09:47:10 DEBUG LoginController:136 - member01:[샷샤샤]님
환영 합니다.
2019-06-05 09:47:10 DEBUG LoginController:137 - member01:jh
2019-06-05 09:47:10 DEBUG LoginController:138 - ===========================
2019-06-05 10:15:51 DEBUG LoginController:135 - ===========================
2019-06-05 10:15:51 DEBUG LoginController:136 - member01:[샷샤샤]님
환영 합니다.
2019-06-05 10:15:51 DEBUG LoginController:137 - member01:jh
2019-06-05 10:15:51 DEBUG LoginController:138 - ===========================
2019-06-05 10:19:03 DEBUG LoginController:135 - ===========================
2019-06-05 10:19:03 DEBUG LoginController:136 - member01:[샷샤샤]님
환영 합니다.
2019-06-05 10:19:03 DEBUG LoginController:137 - member01:jh
2019-06-05 10:19:03 DEBUG LoginController:138 - ===========================
2019-06-05 10:20:53 DEBUG LoginController:135 - ===========================
2019-06-05 10:20:53 DEBUG LoginController:136 - member01:[샷샤샤]님
환영 합니다.
2019-06-05 10:20:53 DEBUG LoginController:137 - member01:jh
2019-06-05 10:20:53 DEBUG LoginController:138 - ===========================
2019-06-05 10:21:10 DEBUG LoginController:135 - ===========================
2019-06-05 10:21:10 DEBUG LoginController:136 - member01:[샷샤샤]님
환영 합니다.
2019-06-05 10:21:10 DEBUG LoginController:137 - member01:jh
2019-06-05 10:21:10 DEBUG LoginController:138 - ===========================
2019-06-05 10:21:38 DEBUG LoginController:135 - ===========================
2019-06-05 10:21:38 DEBUG LoginController:136 - member01:[샷샤샤]님
환영 합니다.
2019-06-05 10:21:38 DEBUG LoginController:137 - member01:jh
2019-06-05 10:21:38 DEBUG LoginController:138 - ===========================
2019-06-05 10:22:11 DEBUG LoginController:135 - ===========================
2019-06-05 10:22:11 DEBUG LoginController:136 - member01:[샷샤샤]님
환영 합니다.
2019-06-05 10:22:11 DEBUG LoginController:137 - member01:jh
2019-06-05 10:22:11 DEBUG LoginController:138 - ===========================
2019-06-05 11:00:42 DEBUG LoginController:135 - ===========================
2019-06-05 11:00:42 DEBUG LoginController:136 - member01:[샷샤샤]님
환영 합니다.
2019-06-05 11:00:42 DEBUG LoginController:137 - member01:jh
2019-06-05 11:00:42 DEBUG LoginController:138 - ===========================
2019-06-05 11:07:23 DEBUG LoginController:135 - ===========================
2019-06-05 11:07:23 DEBUG LoginController:136 - member01:[샷샤샤]님
환영 합니다.
2019-06-05 11:07:23 DEBUG LoginController:137 - member01:jh
2019-06-05 11:07:23 DEBUG LoginController:138 - ===========================
2019-06-05 11:11:53 DEBUG LoginController:135 - ===========================
2019-06-05 11:11:53 DEBUG LoginController:136 - member01:[샷샤샤]님
환영 합니다.
2019-06-05 11:11:53 DEBUG LoginController:137 - member01:jh
2019-06-05 11:11:53 DEBUG LoginController:138 - ===========================
2019-06-05 11:17:34 DEBUG LoginController:135 - ===========================
2019-06-05 11:17:34 DEBUG LoginController:136 - member01:[뫄뫄]님
환영 합니다.
2019-06-05 11:17:34 DEBUG LoginController:137 - member01:limitless01
2019-06-05 11:17:34 DEBUG LoginController:138 - ===========================
2019-06-05 11:49:06 DEBUG LoginController:135 - ===========================
2019-06-05 11:49:06 DEBUG LoginController:136 - member01:[샷샤샤]님
환영 합니다.
2019-06-05 11:49:06 DEBUG LoginController:137 - member01:jh
2019-06-05 11:49:06 DEBUG LoginController:138 - ===========================
2019-06-05 11:50:58 DEBUG LoginController:135 - ===========================
2019-06-05 11:50:58 DEBUG LoginController:136 - member01:[뫄뫄]님
환영 합니다.
2019-06-05 11:50:58 DEBUG LoginController:137 - member01:limitless01
2019-06-05 11:50:58 DEBUG LoginController:138 - ===========================
2019-06-05 11:51:23 DEBUG LoginController:135 - ===========================
2019-06-05 11:51:23 DEBUG LoginController:136 - member01:[뫄뫄]님
환영 합니다.
2019-06-05 11:51:23 DEBUG LoginController:137 - member01:limitless01
2019-06-05 11:51:23 DEBUG LoginController:138 - ===========================
2019-06-05 11:54:12 DEBUG LoginController:135 - ===========================
2019-06-05 11:54:12 DEBUG LoginController:136 - member01:[뫄뫄]님
환영 합니다.
2019-06-05 11:54:12 DEBUG LoginController:137 - member01:limitless01
2019-06-05 11:54:12 DEBUG LoginController:138 - ===========================
2019-06-05 11:58:23 DEBUG LoginController:135 - ===========================
2019-06-05 11:58:23 DEBUG LoginController:136 - member01:[뫄뫄]님
환영 합니다.
2019-06-05 11:58:23 DEBUG LoginController:137 - member01:limitless01
2019-06-05 11:58:23 DEBUG LoginController:138 - ===========================
