2019-06-05 08:56:14,739 DEBUG [JavaFX Application Thread] domain.LoginController (LoginController.java:133)     - ===========================
2019-06-05 08:56:14,747 DEBUG [JavaFX Application Thread] domain.LoginController (LoginController.java:134)     - member01:[샷샤샤]님
환영 합니다.
2019-06-05 08:56:14,747 DEBUG [JavaFX Application Thread] domain.LoginController (LoginController.java:135)     - member01:jh
2019-06-05 08:56:14,747 DEBUG [JavaFX Application Thread] domain.LoginController (LoginController.java:136)     - ===========================
2019-06-05 09:45:45,126 DEBUG [JavaFX Application Thread] domain.LoginController (LoginController.java:135)     - ===========================
2019-06-05 09:45:45,128 DEBUG [JavaFX Application Thread] domain.LoginController (LoginController.java:136)     - member01:[가가멜]님
환영 합니다.
2019-06-05 09:45:45,129 DEBUG [JavaFX Application Thread] domain.LoginController (LoginController.java:137)     - member01:jh1
2019-06-05 09:45:45,129 DEBUG [JavaFX Application Thread] domain.LoginController (LoginController.java:138)     - ===========================
2019-06-05 09:46:00,109 DEBUG [JavaFX Application Thread] domain.LoginController (LoginController.java:133)     - ===========================
2019-06-05 09:46:00,111 DEBUG [JavaFX Application Thread] domain.LoginController (LoginController.java:134)     - member01:[가가멜]님
환영 합니다.
2019-06-05 09:46:00,111 DEBUG [JavaFX Application Thread] domain.LoginController (LoginController.java:135)     - member01:jh1
2019-06-05 09:46:00,111 DEBUG [JavaFX Application Thread] domain.LoginController (LoginController.java:136)     - ===========================
2019-06-05 09:47:10,510 DEBUG [JavaFX Application Thread] domain.LoginController (LoginController.java:135)     - ===========================
2019-06-05 09:47:10,511 DEBUG [JavaFX Application Thread] domain.LoginController (LoginController.java:136)     - member01:[샷샤샤]님
환영 합니다.
2019-06-05 09:47:10,511 DEBUG [JavaFX Application Thread] domain.LoginController (LoginController.java:137)     - member01:jh
2019-06-05 09:47:10,512 DEBUG [JavaFX Application Thread] domain.LoginController (LoginController.java:138)     - ===========================
2019-06-05 10:15:51,742 DEBUG [JavaFX Application Thread] domain.LoginController (LoginController.java:135)     - ===========================
2019-06-05 10:15:51,744 DEBUG [JavaFX Application Thread] domain.LoginController (LoginController.java:136)     - member01:[샷샤샤]님
환영 합니다.
2019-06-05 10:15:51,745 DEBUG [JavaFX Application Thread] domain.LoginController (LoginController.java:137)     - member01:jh
2019-06-05 10:15:51,745 DEBUG [JavaFX Application Thread] domain.LoginController (LoginController.java:138)     - ===========================
2019-06-05 10:19:03,879 DEBUG [JavaFX Application Thread] domain.LoginController (LoginController.java:135)     - ===========================
2019-06-05 10:19:03,881 DEBUG [JavaFX Application Thread] domain.LoginController (LoginController.java:136)     - member01:[샷샤샤]님
환영 합니다.
2019-06-05 10:19:03,881 DEBUG [JavaFX Application Thread] domain.LoginController (LoginController.java:137)     - member01:jh
2019-06-05 10:19:03,882 DEBUG [JavaFX Application Thread] domain.LoginController (LoginController.java:138)     - ===========================
2019-06-05 10:20:53,504 DEBUG [JavaFX Application Thread] domain.LoginController (LoginController.java:135)     - ===========================
2019-06-05 10:20:53,505 DEBUG [JavaFX Application Thread] domain.LoginController (LoginController.java:136)     - member01:[샷샤샤]님
환영 합니다.
2019-06-05 10:20:53,505 DEBUG [JavaFX Application Thread] domain.LoginController (LoginController.java:137)     - member01:jh
2019-06-05 10:20:53,506 DEBUG [JavaFX Application Thread] domain.LoginController (LoginController.java:138)     - ===========================
2019-06-05 10:21:10,711 DEBUG [JavaFX Application Thread] domain.LoginController (LoginController.java:135)     - ===========================
2019-06-05 10:21:10,712 DEBUG [JavaFX Application Thread] domain.LoginController (LoginController.java:136)     - member01:[샷샤샤]님
환영 합니다.
2019-06-05 10:21:10,713 DEBUG [JavaFX Application Thread] domain.LoginController (LoginController.java:137)     - member01:jh
2019-06-05 10:21:10,713 DEBUG [JavaFX Application Thread] domain.LoginController (LoginController.java:138)     - ===========================
2019-06-05 10:21:38,390 DEBUG [JavaFX Application Thread] domain.LoginController (LoginController.java:135)     - ===========================
2019-06-05 10:21:38,392 DEBUG [JavaFX Application Thread] domain.LoginController (LoginController.java:136)     - member01:[샷샤샤]님
환영 합니다.
2019-06-05 10:21:38,392 DEBUG [JavaFX Application Thread] domain.LoginController (LoginController.java:137)     - member01:jh
2019-06-05 10:21:38,392 DEBUG [JavaFX Application Thread] domain.LoginController (LoginController.java:138)     - ===========================
2019-06-05 10:22:11,164 DEBUG [JavaFX Application Thread] domain.LoginController (LoginController.java:135)     - ===========================
2019-06-05 10:22:11,167 DEBUG [JavaFX Application Thread] domain.LoginController (LoginController.java:136)     - member01:[샷샤샤]님
환영 합니다.
2019-06-05 10:22:11,167 DEBUG [JavaFX Application Thread] domain.LoginController (LoginController.java:137)     - member01:jh
2019-06-05 10:22:11,167 DEBUG [JavaFX Application Thread] domain.LoginController (LoginController.java:138)     - ===========================
2019-06-05 11:00:42,365 DEBUG [JavaFX Application Thread] domain.LoginController (LoginController.java:135)     - ===========================
2019-06-05 11:00:42,367 DEBUG [JavaFX Application Thread] domain.LoginController (LoginController.java:136)     - member01:[샷샤샤]님
환영 합니다.
2019-06-05 11:00:42,367 DEBUG [JavaFX Application Thread] domain.LoginController (LoginController.java:137)     - member01:jh
2019-06-05 11:00:42,367 DEBUG [JavaFX Application Thread] domain.LoginController (LoginController.java:138)     - ===========================
2019-06-05 11:07:23,318 DEBUG [JavaFX Application Thread] domain.LoginController (LoginController.java:135)     - ===========================
2019-06-05 11:07:23,320 DEBUG [JavaFX Application Thread] domain.LoginController (LoginController.java:136)     - member01:[샷샤샤]님
환영 합니다.
2019-06-05 11:07:23,321 DEBUG [JavaFX Application Thread] domain.LoginController (LoginController.java:137)     - member01:jh
2019-06-05 11:07:23,321 DEBUG [JavaFX Application Thread] domain.LoginController (LoginController.java:138)     - ===========================
2019-06-05 11:11:53,806 DEBUG [JavaFX Application Thread] domain.LoginController (LoginController.java:135)     - ===========================
2019-06-05 11:11:53,808 DEBUG [JavaFX Application Thread] domain.LoginController (LoginController.java:136)     - member01:[샷샤샤]님
환영 합니다.
2019-06-05 11:11:53,808 DEBUG [JavaFX Application Thread] domain.LoginController (LoginController.java:137)     - member01:jh
2019-06-05 11:11:53,808 DEBUG [JavaFX Application Thread] domain.LoginController (LoginController.java:138)     - ===========================
2019-06-05 11:17:34,531 DEBUG [JavaFX Application Thread] domain.LoginController (LoginController.java:135)     - ===========================
2019-06-05 11:17:34,532 DEBUG [JavaFX Application Thread] domain.LoginController (LoginController.java:136)     - member01:[뫄뫄]님
환영 합니다.
2019-06-05 11:17:34,532 DEBUG [JavaFX Application Thread] domain.LoginController (LoginController.java:137)     - member01:limitless01
2019-06-05 11:17:34,533 DEBUG [JavaFX Application Thread] domain.LoginController (LoginController.java:138)     - ===========================
2019-06-05 11:49:06,012 DEBUG [JavaFX Application Thread] domain.LoginController (LoginController.java:135)     - ===========================
2019-06-05 11:49:06,013 DEBUG [JavaFX Application Thread] domain.LoginController (LoginController.java:136)     - member01:[샷샤샤]님
환영 합니다.
2019-06-05 11:49:06,013 DEBUG [JavaFX Application Thread] domain.LoginController (LoginController.java:137)     - member01:jh
2019-06-05 11:49:06,014 DEBUG [JavaFX Application Thread] domain.LoginController (LoginController.java:138)     - ===========================
2019-06-05 11:50:58,299 DEBUG [JavaFX Application Thread] domain.LoginController (LoginController.java:135)     - ===========================
2019-06-05 11:50:58,301 DEBUG [JavaFX Application Thread] domain.LoginController (LoginController.java:136)     - member01:[뫄뫄]님
환영 합니다.
2019-06-05 11:50:58,301 DEBUG [JavaFX Application Thread] domain.LoginController (LoginController.java:137)     - member01:limitless01
2019-06-05 11:50:58,301 DEBUG [JavaFX Application Thread] domain.LoginController (LoginController.java:138)     - ===========================
2019-06-05 11:51:23,552 DEBUG [JavaFX Application Thread] domain.LoginController (LoginController.java:135)     - ===========================
2019-06-05 11:51:23,554 DEBUG [JavaFX Application Thread] domain.LoginController (LoginController.java:136)     - member01:[뫄뫄]님
환영 합니다.
2019-06-05 11:51:23,554 DEBUG [JavaFX Application Thread] domain.LoginController (LoginController.java:137)     - member01:limitless01
2019-06-05 11:51:23,554 DEBUG [JavaFX Application Thread] domain.LoginController (LoginController.java:138)     - ===========================
2019-06-05 11:54:12,941 DEBUG [JavaFX Application Thread] domain.LoginController (LoginController.java:135)     - ===========================
2019-06-05 11:54:12,943 DEBUG [JavaFX Application Thread] domain.LoginController (LoginController.java:136)     - member01:[뫄뫄]님
환영 합니다.
2019-06-05 11:54:12,943 DEBUG [JavaFX Application Thread] domain.LoginController (LoginController.java:137)     - member01:limitless01
2019-06-05 11:54:12,943 DEBUG [JavaFX Application Thread] domain.LoginController (LoginController.java:138)     - ===========================
2019-06-05 11:58:23,012 DEBUG [JavaFX Application Thread] domain.LoginController (LoginController.java:135)     - ===========================
2019-06-05 11:58:23,014 DEBUG [JavaFX Application Thread] domain.LoginController (LoginController.java:136)     - member01:[뫄뫄]님
환영 합니다.
2019-06-05 11:58:23,014 DEBUG [JavaFX Application Thread] domain.LoginController (LoginController.java:137)     - member01:limitless01
2019-06-05 11:58:23,014 DEBUG [JavaFX Application Thread] domain.LoginController (LoginController.java:138)     - ===========================
